#-----------------------------------------------------------
# Vivado v2017.4 (64-bit)
# SW Build 2086221 on Fri Dec 15 20:55:39 MST 2017
# IP Build 2085800 on Fri Dec 15 22:25:07 MST 2017
# Start of session at: Sat Dec  3 10:47:55 2022
# Process ID: 45436
# Current directory: D:/桌面/FPGA/vivado project/frequency_measure
# Command line: vivado.exe -gui_launcher_event rodinguilauncherevent71448 D:\桌面\FPGA\vivado project\frequency_measure\frequency_measure.xpr
# Log file: D:/桌面/FPGA/vivado project/frequency_measure/vivado.log
# Journal file: D:/桌面/FPGA/vivado project/frequency_measure\vivado.jou
#-----------------------------------------------------------
start_gui
open_project {D:/桌面/FPGA/vivado project/frequency_measure/frequency_measure.xpr}
Scanning sources...
Finished scanning sources
INFO: [IP_Flow 19-234] Refreshing IP repositories
INFO: [IP_Flow 19-1704] No user IP repositories specified
INFO: [IP_Flow 19-2313] Loaded Vivado IP repository 'D:/vivado/Vivado/2017.4/data/ip'.
update_compile_order -fileset sources_1
exit
INFO: [Common 17-206] Exiting Vivado at Sat Dec  3 22:33:13 2022...
