#-----------------------------------------------------------
# Vivado v2017.4 (64-bit)
# SW Build 2086221 on Fri Dec 15 20:55:39 MST 2017
# IP Build 2085800 on Fri Dec 15 22:25:07 MST 2017
# Start of session at: Fri Dec  2 22:58:37 2022
# Process ID: 62872
# Current directory: D:/桌面/FPGA/vivado project/frequency_measure
# Command line: vivado.exe -gui_launcher_event rodinguilauncherevent17788 D:\桌面\FPGA\vivado project\frequency_measure\frequency_measure.xpr
# Log file: D:/桌面/FPGA/vivado project/frequency_measure/vivado.log
# Journal file: D:/桌面/FPGA/vivado project/frequency_measure\vivado.jou
#-----------------------------------------------------------
start_gui
open_project {D:/桌面/FPGA/vivado project/frequency_measure/frequency_measure.xpr}
INFO: [Project 1-313] Project file moved from 'E:/LZY_FPGA/vivado project/frequency_measure' since last save.
WARNING: [Project 1-312] File not found as 'D:/桌面/FPGA/frequency_calculate2.v'; using path 'E:/LZY_FPGA/frequency_calculate2.v' instead.
WARNING: [Project 1-312] File not found as 'D:/桌面/FPGA/fre_tb.v'; using path 'E:/LZY_FPGA/fre_tb.v' instead.
Scanning sources...
Finished scanning sources
WARNING: [Project 1-312] File not found as 'D:/桌面/FPGA/frequency_calculate2.v'; using path 'E:/LZY_FPGA/frequency_calculate2.v' instead.
WARNING: [Project 1-312] File not found as 'D:/桌面/FPGA/frequency_calculate2.v'; using path 'E:/LZY_FPGA/frequency_calculate2.v' instead.
INFO: [IP_Flow 19-234] Refreshing IP repositories
INFO: [IP_Flow 19-1704] No user IP repositories specified
INFO: [IP_Flow 19-2313] Loaded Vivado IP repository 'D:/vivado/Vivado/2017.4/data/ip'.
update_compile_order -fileset sources_1
exit
INFO: [Common 17-206] Exiting Vivado at Fri Dec  2 22:59:01 2022...
